<?xml version="1.0" encoding="UTF-8"?>
<coverage generated="1634161430">
  <project timestamp="1634161430">
    <file name="C:\xampp-7.4\htdocs\smart.sa\simple-project-mgmt-app\core\Tracker\Controllers\API\V1\ProjectController.php">
      <class name="Core\Tracker\Controllers\API\V1\ProjectController" namespace="global">
        <metrics complexity="1" methods="1" coveredmethods="1" conditionals="0" coveredconditionals="0" statements="2" coveredstatements="2" elements="3" coveredelements="3"/>
      </class>
      <line num="17" type="method" name="__construct" visibility="public" complexity="1" crap="1" count="5"/>
      <line num="19" type="stmt" count="5"/>
      <line num="20" type="stmt" count="5"/>
      <metrics loc="21" ncloc="15" classes="1" methods="1" coveredmethods="1" conditionals="0" coveredconditionals="0" statements="2" coveredstatements="2" elements="3" coveredelements="3"/>
    </file>
    <file name="C:\xampp-7.4\htdocs\smart.sa\simple-project-mgmt-app\core\Tracker\Controllers\API\V1\RecordController.php">
      <class name="Core\Tracker\Controllers\API\V1\RecordController" namespace="global">
        <metrics complexity="1" methods="1" coveredmethods="1" conditionals="0" coveredconditionals="0" statements="2" coveredstatements="2" elements="3" coveredelements="3"/>
      </class>
      <line num="17" type="method" name="__construct" visibility="public" complexity="1" crap="1" count="3"/>
      <line num="19" type="stmt" count="3"/>
      <line num="20" type="stmt" count="3"/>
      <metrics loc="21" ncloc="15" classes="1" methods="1" coveredmethods="1" conditionals="0" coveredconditionals="0" statements="2" coveredstatements="2" elements="3" coveredelements="3"/>
    </file>
    <file name="C:\xampp-7.4\htdocs\smart.sa\simple-project-mgmt-app\core\Tracker\Controllers\API\V1\ReportController.php">
      <class name="Core\Tracker\Controllers\API\V1\ReportController" namespace="global">
        <metrics complexity="1" methods="1" coveredmethods="0" conditionals="0" coveredconditionals="0" statements="2" coveredstatements="0" elements="3" coveredelements="0"/>
      </class>
      <line num="14" type="method" name="index" visibility="public" complexity="1" crap="2" count="0"/>
      <line num="16" type="stmt" count="0"/>
      <line num="18" type="stmt" count="0"/>
      <metrics loc="22" ncloc="17" classes="1" methods="1" coveredmethods="0" conditionals="0" coveredconditionals="0" statements="2" coveredstatements="0" elements="3" coveredelements="0"/>
    </file>
    <file name="C:\xampp-7.4\htdocs\smart.sa\simple-project-mgmt-app\core\Tracker\Controllers\Web\ProjectController.php">
      <class name="Core\Tracker\Controllers\Web\ProjectController" namespace="global">
        <metrics complexity="0" methods="0" coveredmethods="0" conditionals="0" coveredconditionals="0" statements="0" coveredstatements="0" elements="0" coveredelements="0"/>
      </class>
      <metrics loc="8" ncloc="8" classes="0" methods="0" coveredmethods="0" conditionals="0" coveredconditionals="0" statements="0" coveredstatements="0" elements="0" coveredelements="0"/>
    </file>
    <file name="C:\xampp-7.4\htdocs\smart.sa\simple-project-mgmt-app\core\Tracker\Controllers\Web\RecordController.php">
      <class name="Core\Tracker\Controllers\Web\RecordController" namespace="global">
        <metrics complexity="0" methods="0" coveredmethods="0" conditionals="0" coveredconditionals="0" statements="0" coveredstatements="0" elements="0" coveredelements="0"/>
      </class>
      <metrics loc="8" ncloc="8" classes="0" methods="0" coveredmethods="0" conditionals="0" coveredconditionals="0" statements="0" coveredstatements="0" elements="0" coveredelements="0"/>
    </file>
    <file name="C:\xampp-7.4\htdocs\smart.sa\simple-project-mgmt-app\core\Tracker\Models\Project.php">
      <class name="Core\Tracker\Models\Project" namespace="global">
        <metrics complexity="1" methods="1" coveredmethods="1" conditionals="0" coveredconditionals="0" statements="1" coveredstatements="1" elements="2" coveredelements="2"/>
      </class>
      <line num="14" type="method" name="records" visibility="public" complexity="1" crap="1" count="5"/>
      <line num="16" type="stmt" count="5"/>
      <metrics loc="18" ncloc="13" classes="1" methods="1" coveredmethods="1" conditionals="0" coveredconditionals="0" statements="1" coveredstatements="1" elements="2" coveredelements="2"/>
    </file>
    <file name="C:\xampp-7.4\htdocs\smart.sa\simple-project-mgmt-app\core\Tracker\Models\Record.php">
      <class name="Core\Tracker\Models\Record" namespace="global">
        <metrics complexity="1" methods="1" coveredmethods="1" conditionals="0" coveredconditionals="0" statements="1" coveredstatements="1" elements="2" coveredelements="2"/>
      </class>
      <line num="14" type="method" name="project" visibility="public" complexity="1" crap="1" count="2"/>
      <line num="16" type="stmt" count="2"/>
      <metrics loc="18" ncloc="13" classes="1" methods="1" coveredmethods="1" conditionals="0" coveredconditionals="0" statements="1" coveredstatements="1" elements="2" coveredelements="2"/>
    </file>
    <file name="C:\xampp-7.4\htdocs\smart.sa\simple-project-mgmt-app\core\Tracker\Tests\Feature\ProjectTest.php">
      <class name="Core\Tracker\Tests\Feature\ProjectTest" namespace="global">
        <metrics complexity="9" methods="8" coveredmethods="4" conditionals="0" coveredconditionals="0" statements="35" coveredstatements="27" elements="43" coveredelements="31"/>
      </class>
      <line num="37" type="method" name="setUp" visibility="public" complexity="2" crap="2" count="5"/>
      <line num="39" type="stmt" count="5"/>
      <line num="41" type="stmt" count="5"/>
      <line num="42" type="stmt" count="5"/>
      <line num="43" type="stmt" count="5"/>
      <line num="44" type="stmt" count="5"/>
      <line num="46" type="stmt" count="5"/>
      <line num="47" type="stmt" count="5"/>
      <line num="49" type="stmt" count="5"/>
      <line num="56" type="method" name="getNewEntry" visibility="protected" complexity="1" crap="1" count="4"/>
      <line num="58" type="stmt" count="4"/>
      <line num="66" type="method" name="getId" visibility="protected" complexity="1" crap="1" count="3"/>
      <line num="68" type="stmt" count="3"/>
      <line num="76" type="method" name="testItShouldGetListingOfTheResource" visibility="public" complexity="1" crap="1.02" count="1"/>
      <line num="78" type="stmt" count="1"/>
      <line num="79" type="stmt" count="1"/>
      <line num="80" type="stmt" count="1"/>
      <line num="81" type="stmt" count="1"/>
      <line num="83" type="stmt" count="1"/>
      <line num="84" type="stmt" count="1"/>
      <line num="85" type="stmt" count="0"/>
      <line num="86" type="stmt" count="0"/>
      <line num="93" type="method" name="testItShouldStoreNewlyCreatedResource" visibility="public" complexity="1" crap="1.12" count="1"/>
      <line num="95" type="stmt" count="1"/>
      <line num="96" type="stmt" count="1"/>
      <line num="97" type="stmt" count="0"/>
      <line num="98" type="stmt" count="0"/>
      <line num="105" type="method" name="testItShouldGetSpecifiedResource" visibility="public" complexity="1" crap="1.12" count="1"/>
      <line num="107" type="stmt" count="1"/>
      <line num="108" type="stmt" count="1"/>
      <line num="109" type="stmt" count="0"/>
      <line num="110" type="stmt" count="0"/>
      <line num="117" type="method" name="testItShouldUpdateSpecifiedResource" visibility="public" complexity="1" crap="1.12" count="1"/>
      <line num="119" type="stmt" count="1"/>
      <line num="120" type="stmt" count="1"/>
      <line num="121" type="stmt" count="0"/>
      <line num="122" type="stmt" count="0"/>
      <line num="129" type="method" name="testItShouldRemoveSpecifiedResource" visibility="public" complexity="1" crap="1" count="1"/>
      <line num="131" type="stmt" count="1"/>
      <line num="132" type="stmt" count="1"/>
      <line num="133" type="stmt" count="1"/>
      <line num="134" type="stmt" count="1"/>
      <line num="135" type="stmt" count="1"/>
      <metrics loc="136" ncloc="80" classes="1" methods="8" coveredmethods="4" conditionals="0" coveredconditionals="0" statements="35" coveredstatements="27" elements="43" coveredelements="31"/>
    </file>
    <file name="C:\xampp-7.4\htdocs\smart.sa\simple-project-mgmt-app\core\Tracker\Tests\Feature\RecordTest.php">
      <class name="Core\Tracker\Tests\Feature\RecordTest" namespace="global">
        <metrics complexity="9" methods="8" coveredmethods="5" conditionals="0" coveredconditionals="0" statements="35" coveredstatements="29" elements="43" coveredelements="34"/>
      </class>
      <line num="37" type="method" name="setUp" visibility="public" complexity="2" crap="2" count="5"/>
      <line num="39" type="stmt" count="5"/>
      <line num="41" type="stmt" count="5"/>
      <line num="42" type="stmt" count="5"/>
      <line num="43" type="stmt" count="5"/>
      <line num="44" type="stmt" count="5"/>
      <line num="46" type="stmt" count="5"/>
      <line num="47" type="stmt" count="5"/>
      <line num="49" type="stmt" count="5"/>
      <line num="56" type="method" name="getNewEntry" visibility="protected" complexity="1" crap="1" count="4"/>
      <line num="58" type="stmt" count="4"/>
      <line num="66" type="method" name="getId" visibility="protected" complexity="1" crap="1" count="3"/>
      <line num="68" type="stmt" count="3"/>
      <line num="76" type="method" name="testItShouldGetListingOfTheResource" visibility="public" complexity="1" crap="1" count="1"/>
      <line num="78" type="stmt" count="1"/>
      <line num="79" type="stmt" count="1"/>
      <line num="80" type="stmt" count="1"/>
      <line num="81" type="stmt" count="1"/>
      <line num="83" type="stmt" count="1"/>
      <line num="84" type="stmt" count="1"/>
      <line num="85" type="stmt" count="1"/>
      <line num="86" type="stmt" count="1"/>
      <line num="93" type="method" name="testItShouldStoreNewlyCreatedResource" visibility="public" complexity="1" crap="1.12" count="1"/>
      <line num="95" type="stmt" count="1"/>
      <line num="96" type="stmt" count="1"/>
      <line num="97" type="stmt" count="0"/>
      <line num="98" type="stmt" count="0"/>
      <line num="105" type="method" name="testItShouldGetSpecifiedResource" visibility="public" complexity="1" crap="1.12" count="1"/>
      <line num="107" type="stmt" count="1"/>
      <line num="108" type="stmt" count="1"/>
      <line num="109" type="stmt" count="0"/>
      <line num="110" type="stmt" count="0"/>
      <line num="117" type="method" name="testItShouldUpdateSpecifiedResource" visibility="public" complexity="1" crap="1.12" count="1"/>
      <line num="119" type="stmt" count="1"/>
      <line num="120" type="stmt" count="1"/>
      <line num="121" type="stmt" count="0"/>
      <line num="122" type="stmt" count="0"/>
      <line num="129" type="method" name="testItShouldRemoveSpecifiedResource" visibility="public" complexity="1" crap="1" count="1"/>
      <line num="131" type="stmt" count="1"/>
      <line num="132" type="stmt" count="1"/>
      <line num="133" type="stmt" count="1"/>
      <line num="134" type="stmt" count="1"/>
      <line num="135" type="stmt" count="1"/>
      <metrics loc="136" ncloc="80" classes="1" methods="8" coveredmethods="5" conditionals="0" coveredconditionals="0" statements="35" coveredstatements="29" elements="43" coveredelements="34"/>
    </file>
    <file name="C:\xampp-7.4\htdocs\smart.sa\simple-project-mgmt-app\core\Tracker\Tests\Feature\ReportTest.php">
      <class name="Core\Tracker\Tests\Feature\ReportTest" namespace="global">
        <metrics complexity="2" methods="2" coveredmethods="1" conditionals="0" coveredconditionals="0" statements="10" coveredstatements="8" elements="12" coveredelements="9"/>
      </class>
      <line num="29" type="method" name="setUp" visibility="public" complexity="1" crap="1" count="1"/>
      <line num="31" type="stmt" count="1"/>
      <line num="33" type="stmt" count="1"/>
      <line num="34" type="stmt" count="1"/>
      <line num="35" type="stmt" count="1"/>
      <line num="42" type="method" name="testItShouldGetListingOfTheResource" visibility="public" complexity="1" crap="1.04" count="1"/>
      <line num="44" type="stmt" count="1"/>
      <line num="45" type="stmt" count="1"/>
      <line num="51" type="stmt" count="1"/>
      <line num="52" type="stmt" count="1"/>
      <line num="53" type="stmt" count="0"/>
      <line num="54" type="stmt" count="0"/>
      <metrics loc="55" ncloc="34" classes="1" methods="2" coveredmethods="1" conditionals="0" coveredconditionals="0" statements="10" coveredstatements="8" elements="12" coveredelements="9"/>
    </file>
    <file name="C:\xampp-7.4\htdocs\smart.sa\simple-project-mgmt-app\core\Tracker\config\main.php">
      <line num="14" type="stmt" count="0"/>
      <metrics loc="16" ncloc="8" classes="0" methods="0" coveredmethods="0" conditionals="0" coveredconditionals="0" statements="1" coveredstatements="0" elements="1" coveredelements="0"/>
    </file>
    <metrics files="11" loc="459" ncloc="291" classes="8" methods="23" coveredmethods="14" conditionals="0" coveredconditionals="0" statements="89" coveredstatements="70" elements="112" coveredelements="84"/>
  </project>
</coverage>
