<?xml version="1.0" encoding="UTF-8"?>
<coverage generated="1634194622">
  <project timestamp="1634194622">
    <file name="C:\xampp-7.4\htdocs\smart.sa\simple-project-mgmt-app\core\Base\Controllers\API\Controller.php">
      <class name="Core\Base\Controllers\API\Controller" namespace="global">
        <metrics complexity="6" methods="5" coveredmethods="5" conditionals="0" coveredconditionals="0" statements="13" coveredstatements="13" elements="18" coveredelements="18"/>
      </class>
      <line num="55" type="method" name="index" visibility="public" complexity="1" crap="1" count="2"/>
      <line num="57" type="stmt" count="2"/>
      <line num="65" type="method" name="store" visibility="public" complexity="1" crap="1" count="2"/>
      <line num="67" type="stmt" count="2"/>
      <line num="68" type="stmt" count="2"/>
      <line num="69" type="stmt" count="2"/>
      <line num="70" type="stmt" count="2"/>
      <line num="71" type="stmt" count="2"/>
      <line num="81" type="method" name="show" visibility="public" complexity="1" crap="1" count="2"/>
      <line num="83" type="stmt" count="2"/>
      <line num="92" type="method" name="update" visibility="public" complexity="1" crap="1" count="2"/>
      <line num="94" type="stmt" count="2"/>
      <line num="95" type="stmt" count="2"/>
      <line num="96" type="stmt" count="2"/>
      <line num="106" type="method" name="destroy" visibility="public" complexity="1" crap="1" count="2"/>
      <line num="108" type="stmt" count="2"/>
      <line num="109" type="stmt" count="2"/>
      <line num="110" type="stmt" count="2"/>
      <metrics loc="112" ncloc="59" classes="1" methods="5" coveredmethods="5" conditionals="0" coveredconditionals="0" statements="13" coveredstatements="13" elements="18" coveredelements="18"/>
    </file>
    <file name="C:\xampp-7.4\htdocs\smart.sa\simple-project-mgmt-app\core\Base\Controllers\Web\Controller.php">
      <class name="Core\Base\Controllers\Web\Controller" namespace="global">
        <metrics complexity="5" methods="0" coveredmethods="0" conditionals="0" coveredconditionals="0" statements="0" coveredstatements="0" elements="0" coveredelements="0"/>
      </class>
      <metrics loc="90" ncloc="43" classes="0" methods="0" coveredmethods="0" conditionals="0" coveredconditionals="0" statements="0" coveredstatements="0" elements="0" coveredelements="0"/>
    </file>
    <file name="C:\xampp-7.4\htdocs\smart.sa\simple-project-mgmt-app\core\Base\Models\Base.php">
      <class name="Core\Base\Models\Base" namespace="global">
        <metrics complexity="1" methods="1" coveredmethods="1" conditionals="0" coveredconditionals="0" statements="4" coveredstatements="4" elements="5" coveredelements="5"/>
      </class>
      <line num="24" type="method" name="newFactory" visibility="protected" complexity="1" crap="1" count="10"/>
      <line num="26" type="stmt" count="10"/>
      <line num="27" type="stmt" count="10"/>
      <line num="28" type="stmt" count="10"/>
      <line num="30" type="stmt" count="10"/>
      <metrics loc="32" ncloc="22" classes="1" methods="1" coveredmethods="1" conditionals="0" coveredconditionals="0" statements="4" coveredstatements="4" elements="5" coveredelements="5"/>
    </file>
    <file name="C:\xampp-7.4\htdocs\smart.sa\simple-project-mgmt-app\core\Base\Tests\TestCase.php">
      <class name="Core\Base\Tests\TestCase" namespace="global">
        <metrics complexity="8" methods="0" coveredmethods="0" conditionals="0" coveredconditionals="0" statements="0" coveredstatements="0" elements="0" coveredelements="0"/>
      </class>
      <metrics loc="103" ncloc="62" classes="0" methods="0" coveredmethods="0" conditionals="0" coveredconditionals="0" statements="0" coveredstatements="0" elements="0" coveredelements="0"/>
    </file>
    <file name="C:\xampp-7.4\htdocs\smart.sa\simple-project-mgmt-app\core\Base\Tests\Unit\WebControllerTest.php">
      <class name="Core\Base\Tests\Unit\WebControllerTest" namespace="global">
        <metrics complexity="4" methods="4" coveredmethods="4" conditionals="0" coveredconditionals="0" statements="21" coveredstatements="21" elements="25" coveredelements="25"/>
      </class>
      <line num="23" type="method" name="setUp" visibility="public" complexity="1" crap="1" count="3"/>
      <line num="25" type="stmt" count="3"/>
      <line num="27" type="stmt" count="3"/>
      <line num="28" type="stmt" count="3"/>
      <line num="29" type="stmt" count="3"/>
      <line num="30" type="stmt" count="3"/>
      <line num="32" type="stmt" count="3"/>
      <line num="33" type="stmt" count="3"/>
      <line num="34" type="stmt" count="3"/>
      <line num="36" type="stmt" count="3"/>
      <line num="37" type="stmt" count="3"/>
      <line num="38" type="stmt" count="3"/>
      <line num="39" type="stmt" count="3"/>
      <line num="40" type="stmt" count="3"/>
      <line num="47" type="method" name="testNamespace" visibility="public" complexity="1" crap="1" count="1"/>
      <line num="49" type="stmt" count="1"/>
      <line num="50" type="stmt" count="1"/>
      <line num="52" type="stmt" count="1"/>
      <line num="60" type="method" name="testDirectory" visibility="public" complexity="1" crap="1" count="1"/>
      <line num="62" type="stmt" count="1"/>
      <line num="63" type="stmt" count="1"/>
      <line num="65" type="stmt" count="1"/>
      <line num="76" type="method" name="testPath" visibility="public" complexity="1" crap="1" count="1"/>
      <line num="78" type="stmt" count="1"/>
      <line num="79" type="stmt" count="1"/>
      <metrics loc="80" ncloc="51" classes="1" methods="4" coveredmethods="4" conditionals="0" coveredconditionals="0" statements="21" coveredstatements="21" elements="25" coveredelements="25"/>
    </file>
    <file name="C:\xampp-7.4\htdocs\smart.sa\simple-project-mgmt-app\core\Base\Traits\Views\Path.php">
      <class name="Core\Base\Traits\Views\Path" namespace="global">
        <metrics complexity="10" methods="7" coveredmethods="7" conditionals="0" coveredconditionals="0" statements="20" coveredstatements="20" elements="27" coveredelements="27"/>
      </class>
      <line num="30" type="method" name="setNamespace" visibility="private" complexity="1" crap="1" count="3"/>
      <line num="32" type="stmt" count="3"/>
      <line num="33" type="stmt" count="3"/>
      <line num="34" type="stmt" count="3"/>
      <line num="41" type="method" name="getNamespace" visibility="public" complexity="1" crap="1" count="1"/>
      <line num="43" type="stmt" count="1"/>
      <line num="52" type="method" name="setDirectory" visibility="private" complexity="3" crap="3" count="3"/>
      <line num="54" type="stmt" count="3"/>
      <line num="56" type="stmt" count="3"/>
      <line num="57" type="stmt" count="3"/>
      <line num="58" type="stmt" count="3"/>
      <line num="60" type="stmt" count="3"/>
      <line num="63" type="stmt" count="3"/>
      <line num="70" type="method" name="getDirectory" visibility="public" complexity="1" crap="1" count="1"/>
      <line num="72" type="stmt" count="1"/>
      <line num="82" type="method" name="setPath" visibility="protected" complexity="1" crap="1" count="3"/>
      <line num="84" type="stmt" count="3"/>
      <line num="85" type="stmt" count="3"/>
      <line num="86" type="stmt" count="3"/>
      <line num="87" type="stmt" count="3"/>
      <line num="94" type="method" name="getPath" visibility="public" complexity="1" crap="1" count="1"/>
      <line num="96" type="stmt" count="1"/>
      <line num="104" type="method" name="setupView" visibility="private" complexity="1" crap="1" count="3"/>
      <line num="106" type="stmt" count="3"/>
      <line num="107" type="stmt" count="3"/>
      <line num="108" type="stmt" count="3"/>
      <line num="109" type="stmt" count="3"/>
      <metrics loc="110" ncloc="61" classes="1" methods="7" coveredmethods="7" conditionals="0" coveredconditionals="0" statements="20" coveredstatements="20" elements="27" coveredelements="27"/>
    </file>
    <file name="C:\xampp-7.4\htdocs\smart.sa\simple-project-mgmt-app\core\Base\Traits\Views\Variable.php">
      <class name="Core\Base\Traits\Views\Variable" namespace="global">
        <metrics complexity="2" methods="0" coveredmethods="0" conditionals="0" coveredconditionals="0" statements="0" coveredstatements="0" elements="0" coveredelements="0"/>
      </class>
      <metrics loc="36" ncloc="29" classes="0" methods="0" coveredmethods="0" conditionals="0" coveredconditionals="0" statements="0" coveredstatements="0" elements="0" coveredelements="0"/>
    </file>
    <file name="C:\xampp-7.4\htdocs\smart.sa\simple-project-mgmt-app\core\Tracker\Controllers\API\V1\ProjectController.php">
      <class name="Core\Tracker\Controllers\API\V1\ProjectController" namespace="global">
        <metrics complexity="1" methods="1" coveredmethods="1" conditionals="0" coveredconditionals="0" statements="2" coveredstatements="2" elements="3" coveredelements="3"/>
      </class>
      <line num="17" type="method" name="__construct" visibility="public" complexity="1" crap="1" count="5"/>
      <line num="19" type="stmt" count="5"/>
      <line num="20" type="stmt" count="5"/>
      <metrics loc="21" ncloc="15" classes="1" methods="1" coveredmethods="1" conditionals="0" coveredconditionals="0" statements="2" coveredstatements="2" elements="3" coveredelements="3"/>
    </file>
    <file name="C:\xampp-7.4\htdocs\smart.sa\simple-project-mgmt-app\core\Tracker\Controllers\API\V1\RecordController.php">
      <class name="Core\Tracker\Controllers\API\V1\RecordController" namespace="global">
        <metrics complexity="1" methods="1" coveredmethods="1" conditionals="0" coveredconditionals="0" statements="2" coveredstatements="2" elements="3" coveredelements="3"/>
      </class>
      <line num="17" type="method" name="__construct" visibility="public" complexity="1" crap="1" count="5"/>
      <line num="19" type="stmt" count="5"/>
      <line num="20" type="stmt" count="5"/>
      <metrics loc="21" ncloc="15" classes="1" methods="1" coveredmethods="1" conditionals="0" coveredconditionals="0" statements="2" coveredstatements="2" elements="3" coveredelements="3"/>
    </file>
    <file name="C:\xampp-7.4\htdocs\smart.sa\simple-project-mgmt-app\core\Tracker\Controllers\API\V1\ReportController.php">
      <class name="Core\Tracker\Controllers\API\V1\ReportController" namespace="global">
        <metrics complexity="2" methods="1" coveredmethods="1" conditionals="0" coveredconditionals="0" statements="2" coveredstatements="2" elements="3" coveredelements="3"/>
      </class>
      <line num="25" type="method" name="index" visibility="public" complexity="1" crap="1" count="1"/>
      <line num="27" type="stmt" count="1"/>
      <line num="29" type="stmt" count="1"/>
      <metrics loc="33" ncloc="22" classes="1" methods="1" coveredmethods="1" conditionals="0" coveredconditionals="0" statements="2" coveredstatements="2" elements="3" coveredelements="3"/>
    </file>
    <file name="C:\xampp-7.4\htdocs\smart.sa\simple-project-mgmt-app\core\Tracker\Controllers\Web\ProjectController.php">
      <class name="Core\Tracker\Controllers\Web\ProjectController" namespace="global">
        <metrics complexity="0" methods="0" coveredmethods="0" conditionals="0" coveredconditionals="0" statements="0" coveredstatements="0" elements="0" coveredelements="0"/>
      </class>
      <metrics loc="8" ncloc="8" classes="0" methods="0" coveredmethods="0" conditionals="0" coveredconditionals="0" statements="0" coveredstatements="0" elements="0" coveredelements="0"/>
    </file>
    <file name="C:\xampp-7.4\htdocs\smart.sa\simple-project-mgmt-app\core\Tracker\Controllers\Web\RecordController.php">
      <class name="Core\Tracker\Controllers\Web\RecordController" namespace="global">
        <metrics complexity="0" methods="0" coveredmethods="0" conditionals="0" coveredconditionals="0" statements="0" coveredstatements="0" elements="0" coveredelements="0"/>
      </class>
      <metrics loc="8" ncloc="8" classes="0" methods="0" coveredmethods="0" conditionals="0" coveredconditionals="0" statements="0" coveredstatements="0" elements="0" coveredelements="0"/>
    </file>
    <file name="C:\xampp-7.4\htdocs\smart.sa\simple-project-mgmt-app\core\Tracker\Models\Project.php">
      <class name="Core\Tracker\Models\Project" namespace="global">
        <metrics complexity="1" methods="1" coveredmethods="1" conditionals="0" coveredconditionals="0" statements="1" coveredstatements="1" elements="2" coveredelements="2"/>
      </class>
      <line num="14" type="method" name="records" visibility="public" complexity="1" crap="1" count="5"/>
      <line num="16" type="stmt" count="5"/>
      <metrics loc="18" ncloc="13" classes="1" methods="1" coveredmethods="1" conditionals="0" coveredconditionals="0" statements="1" coveredstatements="1" elements="2" coveredelements="2"/>
    </file>
    <file name="C:\xampp-7.4\htdocs\smart.sa\simple-project-mgmt-app\core\Tracker\Models\Record.php">
      <class name="Core\Tracker\Models\Record" namespace="global">
        <metrics complexity="1" methods="1" coveredmethods="1" conditionals="0" coveredconditionals="0" statements="1" coveredstatements="1" elements="2" coveredelements="2"/>
      </class>
      <line num="14" type="method" name="project" visibility="public" complexity="1" crap="1" count="4"/>
      <line num="16" type="stmt" count="4"/>
      <metrics loc="18" ncloc="13" classes="1" methods="1" coveredmethods="1" conditionals="0" coveredconditionals="0" statements="1" coveredstatements="1" elements="2" coveredelements="2"/>
    </file>
    <file name="C:\xampp-7.4\htdocs\smart.sa\simple-project-mgmt-app\core\Tracker\Tests\Feature\ProjectTest.php">
      <class name="Core\Tracker\Tests\Feature\ProjectTest" namespace="global">
        <metrics complexity="9" methods="8" coveredmethods="8" conditionals="0" coveredconditionals="0" statements="35" coveredstatements="35" elements="43" coveredelements="43"/>
      </class>
      <line num="37" type="method" name="setUp" visibility="public" complexity="2" crap="2" count="5"/>
      <line num="39" type="stmt" count="5"/>
      <line num="41" type="stmt" count="5"/>
      <line num="42" type="stmt" count="5"/>
      <line num="43" type="stmt" count="5"/>
      <line num="44" type="stmt" count="5"/>
      <line num="46" type="stmt" count="5"/>
      <line num="47" type="stmt" count="5"/>
      <line num="49" type="stmt" count="5"/>
      <line num="56" type="method" name="getNewEntry" visibility="protected" complexity="1" crap="1" count="4"/>
      <line num="58" type="stmt" count="4"/>
      <line num="66" type="method" name="getId" visibility="protected" complexity="1" crap="1" count="3"/>
      <line num="68" type="stmt" count="3"/>
      <line num="76" type="method" name="testItShouldGetListingOfTheResource" visibility="public" complexity="1" crap="1" count="1"/>
      <line num="78" type="stmt" count="1"/>
      <line num="79" type="stmt" count="1"/>
      <line num="80" type="stmt" count="1"/>
      <line num="81" type="stmt" count="1"/>
      <line num="83" type="stmt" count="1"/>
      <line num="84" type="stmt" count="1"/>
      <line num="85" type="stmt" count="1"/>
      <line num="86" type="stmt" count="1"/>
      <line num="93" type="method" name="testItShouldStoreNewlyCreatedResource" visibility="public" complexity="1" crap="1" count="1"/>
      <line num="95" type="stmt" count="1"/>
      <line num="96" type="stmt" count="1"/>
      <line num="97" type="stmt" count="1"/>
      <line num="98" type="stmt" count="1"/>
      <line num="105" type="method" name="testItShouldGetSpecifiedResource" visibility="public" complexity="1" crap="1" count="1"/>
      <line num="107" type="stmt" count="1"/>
      <line num="108" type="stmt" count="1"/>
      <line num="109" type="stmt" count="1"/>
      <line num="110" type="stmt" count="1"/>
      <line num="117" type="method" name="testItShouldUpdateSpecifiedResource" visibility="public" complexity="1" crap="1" count="1"/>
      <line num="119" type="stmt" count="1"/>
      <line num="120" type="stmt" count="1"/>
      <line num="121" type="stmt" count="1"/>
      <line num="122" type="stmt" count="1"/>
      <line num="129" type="method" name="testItShouldRemoveSpecifiedResource" visibility="public" complexity="1" crap="1" count="1"/>
      <line num="131" type="stmt" count="1"/>
      <line num="132" type="stmt" count="1"/>
      <line num="133" type="stmt" count="1"/>
      <line num="134" type="stmt" count="1"/>
      <line num="135" type="stmt" count="1"/>
      <metrics loc="136" ncloc="80" classes="1" methods="8" coveredmethods="8" conditionals="0" coveredconditionals="0" statements="35" coveredstatements="35" elements="43" coveredelements="43"/>
    </file>
    <file name="C:\xampp-7.4\htdocs\smart.sa\simple-project-mgmt-app\core\Tracker\Tests\Feature\RecordTest.php">
      <class name="Core\Tracker\Tests\Feature\RecordTest" namespace="global">
        <metrics complexity="9" methods="8" coveredmethods="8" conditionals="0" coveredconditionals="0" statements="35" coveredstatements="35" elements="43" coveredelements="43"/>
      </class>
      <line num="37" type="method" name="setUp" visibility="public" complexity="2" crap="2" count="5"/>
      <line num="39" type="stmt" count="5"/>
      <line num="41" type="stmt" count="5"/>
      <line num="42" type="stmt" count="5"/>
      <line num="43" type="stmt" count="5"/>
      <line num="44" type="stmt" count="5"/>
      <line num="46" type="stmt" count="5"/>
      <line num="47" type="stmt" count="5"/>
      <line num="49" type="stmt" count="5"/>
      <line num="56" type="method" name="getNewEntry" visibility="protected" complexity="1" crap="1" count="4"/>
      <line num="58" type="stmt" count="4"/>
      <line num="66" type="method" name="getId" visibility="protected" complexity="1" crap="1" count="3"/>
      <line num="68" type="stmt" count="3"/>
      <line num="76" type="method" name="testItShouldGetListingOfTheResource" visibility="public" complexity="1" crap="1" count="1"/>
      <line num="78" type="stmt" count="1"/>
      <line num="79" type="stmt" count="1"/>
      <line num="80" type="stmt" count="1"/>
      <line num="81" type="stmt" count="1"/>
      <line num="83" type="stmt" count="1"/>
      <line num="84" type="stmt" count="1"/>
      <line num="85" type="stmt" count="1"/>
      <line num="86" type="stmt" count="1"/>
      <line num="93" type="method" name="testItShouldStoreNewlyCreatedResource" visibility="public" complexity="1" crap="1" count="1"/>
      <line num="95" type="stmt" count="1"/>
      <line num="96" type="stmt" count="1"/>
      <line num="97" type="stmt" count="1"/>
      <line num="98" type="stmt" count="1"/>
      <line num="105" type="method" name="testItShouldGetSpecifiedResource" visibility="public" complexity="1" crap="1" count="1"/>
      <line num="107" type="stmt" count="1"/>
      <line num="108" type="stmt" count="1"/>
      <line num="109" type="stmt" count="1"/>
      <line num="110" type="stmt" count="1"/>
      <line num="117" type="method" name="testItShouldUpdateSpecifiedResource" visibility="public" complexity="1" crap="1" count="1"/>
      <line num="119" type="stmt" count="1"/>
      <line num="120" type="stmt" count="1"/>
      <line num="121" type="stmt" count="1"/>
      <line num="122" type="stmt" count="1"/>
      <line num="129" type="method" name="testItShouldRemoveSpecifiedResource" visibility="public" complexity="1" crap="1" count="1"/>
      <line num="131" type="stmt" count="1"/>
      <line num="132" type="stmt" count="1"/>
      <line num="133" type="stmt" count="1"/>
      <line num="134" type="stmt" count="1"/>
      <line num="135" type="stmt" count="1"/>
      <metrics loc="136" ncloc="80" classes="1" methods="8" coveredmethods="8" conditionals="0" coveredconditionals="0" statements="35" coveredstatements="35" elements="43" coveredelements="43"/>
    </file>
    <file name="C:\xampp-7.4\htdocs\smart.sa\simple-project-mgmt-app\core\Tracker\Tests\Feature\ReportTest.php">
      <class name="Core\Tracker\Tests\Feature\ReportTest" namespace="global">
        <metrics complexity="2" methods="2" coveredmethods="2" conditionals="0" coveredconditionals="0" statements="10" coveredstatements="10" elements="12" coveredelements="12"/>
      </class>
      <line num="29" type="method" name="setUp" visibility="public" complexity="1" crap="1" count="1"/>
      <line num="31" type="stmt" count="1"/>
      <line num="33" type="stmt" count="1"/>
      <line num="34" type="stmt" count="1"/>
      <line num="35" type="stmt" count="1"/>
      <line num="42" type="method" name="testItShouldGetListingOfTheResource" visibility="public" complexity="1" crap="1" count="1"/>
      <line num="44" type="stmt" count="1"/>
      <line num="45" type="stmt" count="1"/>
      <line num="51" type="stmt" count="1"/>
      <line num="52" type="stmt" count="1"/>
      <line num="53" type="stmt" count="1"/>
      <line num="54" type="stmt" count="1"/>
      <metrics loc="55" ncloc="34" classes="1" methods="2" coveredmethods="2" conditionals="0" coveredconditionals="0" statements="10" coveredstatements="10" elements="12" coveredelements="12"/>
    </file>
    <metrics files="17" loc="1017" ncloc="615" classes="12" methods="40" coveredmethods="40" conditionals="0" coveredconditionals="0" statements="146" coveredstatements="146" elements="186" coveredelements="186"/>
  </project>
</coverage>
